[0.007s] Invoking command in '/home/roboi-amr/ros2_ws/src/amr2_packages/build/roboi_amr_control': AMENT_PREFIX_PATH=/home/roboi-amr/ros2_ws/src/amr2_packages/install/roboi_amr_msgs:${AMENT_PREFIX_PATH} CMAKE_PREFIX_PATH=/home/roboi-amr/ros2_ws/src/amr2_packages/install/roboi_amr_msgs:/home/roboi-amr/ros2_ws/install/steering_control:/home/roboi-amr/ros2_ws/install/roboi_msgs:/opt/ros/humble LD_LIBRARY_PATH=/home/roboi-amr/ros2_ws/src/amr2_packages/install/roboi_amr_msgs/lib:${LD_LIBRARY_PATH} PYTHONPATH=/home/roboi-amr/ros2_ws/src/amr2_packages/install/roboi_amr_msgs/local/lib/python3.10/dist-packages:${PYTHONPATH} /usr/bin/cmake --build /home/roboi-amr/ros2_ws/src/amr2_packages/build/roboi_amr_control -- -j8 -l8
[0.039s] [35m[1mConsolidate compiler generated dependencies of target roboi_amr_control[0m
[0.054s] [ 20%] [32mBuilding CXX object CMakeFiles/roboi_amr_control.dir/src/roboi_amr.cpp.o[0m
[0.054s] [ 40%] [32mBuilding CXX object CMakeFiles/roboi_amr_control.dir/src/roboi_udp.cpp.o[0m
[0.055s] [ 60%] [32mBuilding CXX object CMakeFiles/roboi_amr_control.dir/src/roboi_motor.cpp.o[0m
[0.201s] In file included from [01m[K/home/roboi-amr/ros2_ws/src/amr2_packages/roboi_control/include/roboi/roboi_motor.hpp:5[m[K,
[0.201s]                  from [01m[K/home/roboi-amr/ros2_ws/src/amr2_packages/roboi_control/src/roboi_motor.cpp:1[m[K:
[0.201s] [01m[K/home/roboi-amr/ros2_ws/src/amr2_packages/roboi_control/include/roboi/ezi_server_plus.hpp:11:10:[m[K [01;31m[Kfatal error: [m[Kroboi_amr_msgs/msg/anglestatus.hpp: No such file or directory
[0.201s]    11 | #include [01;31m[K"roboi_amr_msgs/msg/anglestatus.hpp"[m[K
[0.201s]       |          [01;31m[K^~~~~~~~~~~~~~~~~~~~~~~~~~~~~~~~~~~~[m[K
[0.201s] compilation terminated.
[0.203s] gmake[2]: *** [CMakeFiles/roboi_amr_control.dir/build.make:118: CMakeFiles/roboi_amr_control.dir/src/roboi_motor.cpp.o] Error 1
[0.203s] gmake[2]: *** Waiting for unfinished jobs....
[0.209s] In file included from [01m[K/home/roboi-amr/ros2_ws/src/amr2_packages/roboi_control/include/roboi/roboi_motor.hpp:5[m[K,
[0.209s]                  from [01m[K/home/roboi-amr/ros2_ws/src/amr2_packages/roboi_control/include/roboi/roboi_amr.hpp:7[m[K,
[0.209s]                  from [01m[K/home/roboi-amr/ros2_ws/src/amr2_packages/roboi_control/src/roboi_amr.cpp:1[m[K:
[0.209s] [01m[K/home/roboi-amr/ros2_ws/src/amr2_packages/roboi_control/include/roboi/ezi_server_plus.hpp:11:10:[m[K [01;31m[Kfatal error: [m[Kroboi_amr_msgs/msg/anglestatus.hpp: No such file or directory
[0.209s]    11 | #include [01;31m[K"roboi_amr_msgs/msg/anglestatus.hpp"[m[K
[0.209s]       |          [01;31m[K^~~~~~~~~~~~~~~~~~~~~~~~~~~~~~~~~~~~[m[K
[0.209s] compilation terminated.
[0.211s] gmake[2]: *** [CMakeFiles/roboi_amr_control.dir/build.make:76: CMakeFiles/roboi_amr_control.dir/src/roboi_amr.cpp.o] Error 1
[1.600s] [01m[K/home/roboi-amr/ros2_ws/src/amr2_packages/roboi_control/src/roboi_udp.cpp:[m[K In member function â€˜[01m[Kvoid roboi_udp::udp_callback(roboi_amr_msgs::msg::Udpmsg_<std::allocator<void> >::SharedPtr)[m[Kâ€™:
[1.600s] [01m[K/home/roboi-amr/ros2_ws/src/amr2_packages/roboi_control/src/roboi_udp.cpp:203:75:[m[K [01;35m[Kwarning: [m[Kunused parameter â€˜[01m[Kudp_msg[m[Kâ€™ [[01;35m[K]8;;https://gcc.gnu.org/onlinedocs/gcc/Warning-Options.html#index-Wunused-parameter-Wunused-parameter]8;;[m[K]
[1.600s]   203 | void roboi_udp::udp_callback([01;35m[Kconst roboi_amr_msgs::msg::Udpmsg::SharedPtr udp_msg[m[K)
[1.600s]       |                              [01;35m[K~~~~~~~~~~~~~~~~~~~~~~~~~~~~~~~~~~~~~~~~~~~~~^~~~~~~[m[K
[5.511s] gmake[1]: *** [CMakeFiles/Makefile2:137: CMakeFiles/roboi_amr_control.dir/all] Error 2
[5.511s] gmake: *** [Makefile:146: all] Error 2
[5.512s] Invoked command in '/home/roboi-amr/ros2_ws/src/amr2_packages/build/roboi_amr_control' returned '2': AMENT_PREFIX_PATH=/home/roboi-amr/ros2_ws/src/amr2_packages/install/roboi_amr_msgs:${AMENT_PREFIX_PATH} CMAKE_PREFIX_PATH=/home/roboi-amr/ros2_ws/src/amr2_packages/install/roboi_amr_msgs:/home/roboi-amr/ros2_ws/install/steering_control:/home/roboi-amr/ros2_ws/install/roboi_msgs:/opt/ros/humble LD_LIBRARY_PATH=/home/roboi-amr/ros2_ws/src/amr2_packages/install/roboi_amr_msgs/lib:${LD_LIBRARY_PATH} PYTHONPATH=/home/roboi-amr/ros2_ws/src/amr2_packages/install/roboi_amr_msgs/local/lib/python3.10/dist-packages:${PYTHONPATH} /usr/bin/cmake --build /home/roboi-amr/ros2_ws/src/amr2_packages/build/roboi_amr_control -- -j8 -l8
