[0.007s] Invoking command in '/home/roboi-amr/ros2_ws/src/amr2_packages/roboi_control/build/roboi_amr_control': CMAKE_PREFIX_PATH=${CMAKE_PREFIX_PATH}:/opt/ros/humble /usr/bin/cmake --build /home/roboi-amr/ros2_ws/src/amr2_packages/roboi_control/build/roboi_amr_control -- -j8 -l8
[0.034s] [35m[1mConsolidate compiler generated dependencies of target roboi_amr_control[0m
[0.049s] [ 20%] [32mBuilding CXX object CMakeFiles/roboi_amr_control.dir/src/roboi_udp.cpp.o[0m
[1.569s] [01m[K/home/roboi-amr/ros2_ws/src/amr2_packages/roboi_control/src/roboi_udp.cpp:[m[K In member function â€˜[01m[Kvoid roboi_udp::timer_callback()[m[Kâ€™:
[1.569s] [01m[K/home/roboi-amr/ros2_ws/src/amr2_packages/roboi_control/src/roboi_udp.cpp:172:47:[m[K [01;31m[Kerror: [m[Kbase operand of â€˜[01m[K->[m[Kâ€™ has non-pointer type â€˜[01m[Kroboi_amr_msgs::msg::Udpsend[m[Kâ€™ {aka â€˜[01m[Kroboi_amr_msgs::msg::Udpsend_<std::allocator<void> >[m[Kâ€™}
[1.569s]   172 |     udp_send(&udp_out_configuration, udp_stats[01;31m[K->[m[K_ptr, sizeof(roboi_amr_msgs::msg::Udpsend));
[1.569s]       |                                               [01;31m[K^~[m[K
[3.164s] gmake[2]: *** [CMakeFiles/roboi_amr_control.dir/build.make:90: CMakeFiles/roboi_amr_control.dir/src/roboi_udp.cpp.o] Error 1
[3.164s] gmake[1]: *** [CMakeFiles/Makefile2:137: CMakeFiles/roboi_amr_control.dir/all] Error 2
[3.164s] gmake: *** [Makefile:146: all] Error 2
[3.166s] Invoked command in '/home/roboi-amr/ros2_ws/src/amr2_packages/roboi_control/build/roboi_amr_control' returned '2': CMAKE_PREFIX_PATH=${CMAKE_PREFIX_PATH}:/opt/ros/humble /usr/bin/cmake --build /home/roboi-amr/ros2_ws/src/amr2_packages/roboi_control/build/roboi_amr_control -- -j8 -l8
