[0.007s] Invoking command in '/home/roboi-amr/ros2_ws/src/amr2_packages/roboi_amr_msgs/build/roboi_amr_msgs': CMAKE_PREFIX_PATH=${CMAKE_PREFIX_PATH}:/opt/ros/humble /usr/bin/cmake --build /home/roboi-amr/ros2_ws/src/amr2_packages/roboi_amr_msgs/build/roboi_amr_msgs -- -j8 -l8
[0.022s] -- Found ament_cmake: 1.3.10 (/opt/ros/humble/share/ament_cmake/cmake)
[0.098s] -- Found builtin_interfaces: 1.2.1 (/opt/ros/humble/share/builtin_interfaces/cmake)
[0.111s] -- Found rosidl_generator_c: 3.1.5 (/opt/ros/humble/share/rosidl_generator_c/cmake)
[0.112s] -- Found rosidl_adapter: 3.1.5 (/opt/ros/humble/share/rosidl_adapter/cmake)
[0.116s] -- Found rosidl_generator_cpp: 3.1.5 (/opt/ros/humble/share/rosidl_generator_cpp/cmake)
[0.121s] -- Using all available rosidl_typesupport_c: rosidl_typesupport_fastrtps_c;rosidl_typesupport_introspection_c
[0.128s] -- Using all available rosidl_typesupport_cpp: rosidl_typesupport_fastrtps_cpp;rosidl_typesupport_introspection_cpp
[0.135s] -- Found rosidl_default_generators: 1.2.0 (/opt/ros/humble/share/rosidl_default_generators/cmake)
[0.138s] -- Found std_msgs: 4.2.4 (/opt/ros/humble/share/std_msgs/cmake)
[0.254s] [31mCMake Error at /opt/ros/humble/share/rosidl_adapter/cmake/rosidl_adapt_interfaces.cmake:59 (message):
[0.254s]   execute_process(/usr/bin/python3 -m rosidl_adapter --package-name
[0.254s]   roboi_amr_msgs --arguments-file
[0.254s]   /home/roboi-amr/ros2_ws/src/amr2_packages/roboi_amr_msgs/build/roboi_amr_msgs/rosidl_adapter__arguments__roboi_amr_msgs.json
[0.254s]   --output-dir
[0.254s]   /home/roboi-amr/ros2_ws/src/amr2_packages/roboi_amr_msgs/build/roboi_amr_msgs/rosidl_adapter/roboi_amr_msgs
[0.254s]   --output-file
[0.254s]   /home/roboi-amr/ros2_ws/src/amr2_packages/roboi_amr_msgs/build/roboi_amr_msgs/rosidl_adapter/roboi_amr_msgs.idls)
[0.254s]   returned error code 1:
[0.254s] 
[0.254s]   Error processing 'int32 count;' of 'roboi_amr_msgs/Udpsend': ''count;' is
[0.254s]   an invalid field name.  It should have the pattern
[0.254s]   '^(?!.*__)(?!.*_$)[a-z][a-z0-9_]*$''
[0.255s] 
[0.255s]   Traceback (most recent call last):
[0.255s] 
[0.255s]     File "/usr/lib/python3.10/runpy.py", line 196, in _run_module_as_main
[0.255s]       return _run_code(code, main_globals, None,
[0.255s]     File "/usr/lib/python3.10/runpy.py", line 86, in _run_code
[0.255s]       exec(code, run_globals)
[0.255s]     File "/opt/ros/humble/local/lib/python3.10/dist-packages/rosidl_adapter/__main__.py", line 19, in <module>
[0.255s]       sys.exit(main())
[0.255s]     File "/opt/ros/humble/local/lib/python3.10/dist-packages/rosidl_adapter/main.py", line 53, in main
[0.255s]       abs_idl_file = convert_to_idl(
[0.255s]     File "/opt/ros/humble/local/lib/python3.10/dist-packages/rosidl_adapter/__init__.py", line 19, in convert_to_idl
[0.255s]       return convert_msg_to_idl(
[0.255s]     File "/opt/ros/humble/local/lib/python3.10/dist-packages/rosidl_adapter/msg/__init__.py", line 28, in convert_msg_to_idl
[0.255s]       msg = parse_message_string(package_name, input_file.stem, content)
[0.255s]     File "/opt/ros/humble/local/lib/python3.10/dist-packages/rosidl_adapter/parser.py", line 519, in parse_message_string
[0.255s]       fields.append(Field(
[0.255s]     File "/opt/ros/humble/local/lib/python3.10/dist-packages/rosidl_adapter/parser.py", line 354, in __init__
[0.255s]       raise NameError(
[0.256s] 
[0.256s]   NameError: 'count;' is an invalid field name.  It should have the pattern
[0.256s]   '^(?!.*__)(?!.*_$)[a-z][a-z0-9_]*$'
[0.256s] 
[0.256s] Call Stack (most recent call first):
[0.256s]   /opt/ros/humble/share/rosidl_cmake/cmake/rosidl_generate_interfaces.cmake:130 (rosidl_adapt_interfaces)
[0.256s]   CMakeLists.txt:24 (rosidl_generate_interfaces)
[0.256s] 
[0.256s] [0m
[0.256s] -- Configuring incomplete, errors occurred!
[0.256s] See also "/home/roboi-amr/ros2_ws/src/amr2_packages/roboi_amr_msgs/build/roboi_amr_msgs/CMakeFiles/CMakeOutput.log".
[0.257s] gmake: *** [Makefile:1395: cmake_check_build_system] Error 1
[0.259s] Invoked command in '/home/roboi-amr/ros2_ws/src/amr2_packages/roboi_amr_msgs/build/roboi_amr_msgs' returned '2': CMAKE_PREFIX_PATH=${CMAKE_PREFIX_PATH}:/opt/ros/humble /usr/bin/cmake --build /home/roboi-amr/ros2_ws/src/amr2_packages/roboi_amr_msgs/build/roboi_amr_msgs -- -j8 -l8
