[0.007s] Invoking command in '/home/roboi-amr/ros2_ws/src/amr2_packages/roboi_control/build/roboi_amr_control': CMAKE_PREFIX_PATH=${CMAKE_PREFIX_PATH}:/opt/ros/humble /usr/bin/cmake --build /home/roboi-amr/ros2_ws/src/amr2_packages/roboi_control/build/roboi_amr_control -- -j8 -l8
[0.037s] [35m[1mConsolidate compiler generated dependencies of target roboi_amr_control[0m
[0.053s] [ 20%] [32mBuilding CXX object CMakeFiles/roboi_amr_control.dir/src/roboi_amr.cpp.o[0m
[0.054s] [ 40%] [32mBuilding CXX object CMakeFiles/roboi_amr_control.dir/src/roboi_udp.cpp.o[0m
[0.183s] In file included from [01m[K/home/roboi-amr/ros2_ws/src/amr2_packages/roboi_control/src/roboi_udp.cpp:1[m[K:
[0.183s] [01m[K/home/roboi-amr/ros2_ws/src/amr2_packages/roboi_control/include/roboi/roboi_udp.hpp:16:10:[m[K [01;31m[Kfatal error: [m[Kroboi_amr_msgs/msg/Ststatus.hpp: No such file or directory
[0.183s]    16 | #include [01;31m[K"roboi_amr_msgs/msg/Ststatus.hpp"[m[K
[0.183s]       |          [01;31m[K^~~~~~~~~~~~~~~~~~~~~~~~~~~~~~~~~[m[K
[0.183s] compilation terminated.
[0.183s] In file included from [01m[K/home/roboi-amr/ros2_ws/src/amr2_packages/roboi_control/include/roboi/roboi_amr.hpp:5[m[K,
[0.183s]                  from [01m[K/home/roboi-amr/ros2_ws/src/amr2_packages/roboi_control/src/roboi_amr.cpp:1[m[K:
[0.183s] [01m[K/home/roboi-amr/ros2_ws/src/amr2_packages/roboi_control/include/roboi/roboi_udp.hpp:16:10:[m[K [01;31m[Kfatal error: [m[Kroboi_amr_msgs/msg/Ststatus.hpp: No such file or directory
[0.183s]    16 | #include [01;31m[K"roboi_amr_msgs/msg/Ststatus.hpp"[m[K
[0.183s]       |          [01;31m[K^~~~~~~~~~~~~~~~~~~~~~~~~~~~~~~~~[m[K
[0.184s] compilation terminated.
[0.185s] gmake[2]: *** [CMakeFiles/roboi_amr_control.dir/build.make:90: CMakeFiles/roboi_amr_control.dir/src/roboi_udp.cpp.o] Error 1
[0.185s] gmake[2]: *** Waiting for unfinished jobs....
[0.185s] gmake[2]: *** [CMakeFiles/roboi_amr_control.dir/build.make:76: CMakeFiles/roboi_amr_control.dir/src/roboi_amr.cpp.o] Error 1
[0.186s] gmake[1]: *** [CMakeFiles/Makefile2:137: CMakeFiles/roboi_amr_control.dir/all] Error 2
[0.186s] gmake: *** [Makefile:146: all] Error 2
[0.187s] Invoked command in '/home/roboi-amr/ros2_ws/src/amr2_packages/roboi_control/build/roboi_amr_control' returned '2': CMAKE_PREFIX_PATH=${CMAKE_PREFIX_PATH}:/opt/ros/humble /usr/bin/cmake --build /home/roboi-amr/ros2_ws/src/amr2_packages/roboi_control/build/roboi_amr_control -- -j8 -l8
