[ 20%] [32mBuilding CXX object CMakeFiles/roboi_amr_control.dir/src/roboi_amr.cpp.o[0m
[ 40%] [32mBuilding CXX object CMakeFiles/roboi_amr_control.dir/src/roboi_udp.cpp.o[0m
In file included from [01m[K/home/roboi-amr/ros2_ws/src/amr2_packages/roboi_control/src/roboi_udp.cpp:1[m[K:
[01m[K/home/roboi-amr/ros2_ws/src/amr2_packages/roboi_control/include/roboi/roboi_udp.hpp:16:10:[m[K [01;31m[Kfatal error: [m[Kroboi_amr_msgs/msg/Stststus.hpp: No such file or directory
   16 | #include [01;31m[K"roboi_amr_msgs/msg/Stststus.hpp"[m[K
      |          [01;31m[K^~~~~~~~~~~~~~~~~~~~~~~~~~~~~~~~~[m[K
compilation terminated.
In file included from [01m[K/home/roboi-amr/ros2_ws/src/amr2_packages/roboi_control/include/roboi/roboi_amr.hpp:5[m[K,
                 from [01m[K/home/roboi-amr/ros2_ws/src/amr2_packages/roboi_control/src/roboi_amr.cpp:1[m[K:
[01m[K/home/roboi-amr/ros2_ws/src/amr2_packages/roboi_control/include/roboi/roboi_udp.hpp:16:10:[m[K [01;31m[Kfatal error: [m[Kroboi_amr_msgs/msg/Stststus.hpp: No such file or directory
   16 | #include [01;31m[K"roboi_amr_msgs/msg/Stststus.hpp"[m[K
      |          [01;31m[K^~~~~~~~~~~~~~~~~~~~~~~~~~~~~~~~~[m[K
compilation terminated.
gmake[2]: *** [CMakeFiles/roboi_amr_control.dir/build.make:90: CMakeFiles/roboi_amr_control.dir/src/roboi_udp.cpp.o] Error 1
gmake[2]: *** Waiting for unfinished jobs....
gmake[2]: *** [CMakeFiles/roboi_amr_control.dir/build.make:76: CMakeFiles/roboi_amr_control.dir/src/roboi_amr.cpp.o] Error 1
gmake[1]: *** [CMakeFiles/Makefile2:137: CMakeFiles/roboi_amr_control.dir/all] Error 2
gmake: *** [Makefile:146: all] Error 2
