[01m[K/home/roboi-amr/ros2_ws/src/amr2_packages/roboi_control/src/roboi_udp.cpp:[m[K In member function â€˜[01m[Kvoid roboi_udp::timer_callback()[m[Kâ€™:
[01m[K/home/roboi-amr/ros2_ws/src/amr2_packages/roboi_control/src/roboi_udp.cpp:165:41:[m[K [01;31m[Kerror: [m[Kâ€˜[01m[KsharedPtr[m[Kâ€™ was not declared in this scope
  165 |     if(udp_send(&udp_out_configuration, [01;31m[KsharedPtr[m[K(udp_stats), sizeof(roboi_amr_msgs::msg::Udpsend)) != -1)
      |                                         [01;31m[K^~~~~~~~~[m[K
[01m[K/home/roboi-amr/ros2_ws/src/amr2_packages/roboi_control/src/roboi_udp.cpp:172:38:[m[K [01;31m[Kerror: [m[Kâ€˜[01m[KsharedPtr[m[Kâ€™ was not declared in this scope
  172 |     udp_send(&udp_out_configuration, [01;31m[KsharedPtr[m[K(udp_stats), sizeof(roboi_amr_msgs::msg::Udpsend));
      |                                      [01;31m[K^~~~~~~~~[m[K
gmake[2]: *** [CMakeFiles/roboi_amr_control.dir/build.make:90: CMakeFiles/roboi_amr_control.dir/src/roboi_udp.cpp.o] Error 1
gmake[1]: *** [CMakeFiles/Makefile2:137: CMakeFiles/roboi_amr_control.dir/all] Error 2
gmake: *** [Makefile:146: all] Error 2
