[0.007s] Invoking command in '/home/roboi-amr/ros2_ws/src/amr2_packages/roboi_control/build/roboi_amr_control': CMAKE_PREFIX_PATH=${CMAKE_PREFIX_PATH}:/opt/ros/humble /usr/bin/cmake --build /home/roboi-amr/ros2_ws/src/amr2_packages/roboi_control/build/roboi_amr_control -- -j8 -l8
[0.034s] [35m[1mConsolidate compiler generated dependencies of target roboi_amr_control[0m
[0.049s] [ 20%] [32mBuilding CXX object CMakeFiles/roboi_amr_control.dir/src/roboi_udp.cpp.o[0m
[1.555s] [01m[K/home/roboi-amr/ros2_ws/src/amr2_packages/roboi_control/src/roboi_udp.cpp:[m[K In member function â€˜[01m[Kvoid roboi_udp::timer_callback()[m[Kâ€™:
[1.555s] [01m[K/home/roboi-amr/ros2_ws/src/amr2_packages/roboi_control/src/roboi_udp.cpp:165:41:[m[K [01;31m[Kerror: [m[Kâ€˜[01m[KsharedPtr[m[Kâ€™ was not declared in this scope
[1.555s]   165 |     if(udp_send(&udp_out_configuration, [01;31m[KsharedPtr[m[K(udp_stats), sizeof(roboi_amr_msgs::msg::Udpsend)) != -1)
[1.555s]       |                                         [01;31m[K^~~~~~~~~[m[K
[1.560s] [01m[K/home/roboi-amr/ros2_ws/src/amr2_packages/roboi_control/src/roboi_udp.cpp:172:38:[m[K [01;31m[Kerror: [m[Kâ€˜[01m[KsharedPtr[m[Kâ€™ was not declared in this scope
[1.560s]   172 |     udp_send(&udp_out_configuration, [01;31m[KsharedPtr[m[K(udp_stats), sizeof(roboi_amr_msgs::msg::Udpsend));
[1.560s]       |                                      [01;31m[K^~~~~~~~~[m[K
[3.151s] gmake[2]: *** [CMakeFiles/roboi_amr_control.dir/build.make:90: CMakeFiles/roboi_amr_control.dir/src/roboi_udp.cpp.o] Error 1
[3.151s] gmake[1]: *** [CMakeFiles/Makefile2:137: CMakeFiles/roboi_amr_control.dir/all] Error 2
[3.151s] gmake: *** [Makefile:146: all] Error 2
[3.153s] Invoked command in '/home/roboi-amr/ros2_ws/src/amr2_packages/roboi_control/build/roboi_amr_control' returned '2': CMAKE_PREFIX_PATH=${CMAKE_PREFIX_PATH}:/opt/ros/humble /usr/bin/cmake --build /home/roboi-amr/ros2_ws/src/amr2_packages/roboi_control/build/roboi_amr_control -- -j8 -l8
